<?xml version="1.0" encoding="UTF-8"?>
<!-- Generated by org.testng.reporters.JUnitReportReporter -->
<testsuite hostname="LAPTOP-V2H6MTKJ" failures="0" tests="1" name="com.crm.autodesk.Practice.CreateContactTest" time="0.012" errors="0" timestamp="2022-03-23T09:51:37 IST" skipped="0">
  <testcase classname="com.crm.autodesk.Practice.CreateContactTest" name="createContact" time="0.012"/>
  <system-out/>
</testsuite> <!-- com.crm.autodesk.Practice.CreateContactTest -->
